app/build/outputs/mapping/release/seeds.txt
com.tolopani.reader.nfc.EktpReader
com.tolopani.reader.nfc.EktpReader$readPhoto$2
com.tolopani.reader.MainActivity
com.tolopani.reader.nfc.EktpReader$ReadResult$Success
com.tolopani.reader.nfc.EktpReader$ReadResult
com.tolopani.reader.nfc.EktpReader$ReadResult$Reading
com.tolopani.reader.databinding.ActivityMainBinding
com.tolopani.reader.nfc.ApduUtils
com.tolopani.reader.nfc.EktpReader$ReadResult$Error
com.tolopani.reader.databinding.ActivityMainBinding: androidx.constraintlayout.widget.ConstraintLayout rootView
com.tolopani.reader.databinding.ActivityMainBinding: android.widget.ImageView ivSignature
com.tolopani.reader.databinding.ActivityMainBinding: com.google.android.material.button.MaterialButton btnSave
com.tolopani.reader.databinding.ActivityMainBinding: android.widget.TextView tvNfcStatus
com.tolopani.reader.databinding.ActivityMainBinding: android.widget.LinearLayout layoutButtons
com.tolopani.reader.databinding.ActivityMainBinding: android.widget.LinearLayout layoutNfcStatus
com.tolopani.reader.databinding.ActivityMainBinding: com.google.android.material.appbar.MaterialToolbar toolbar
com.tolopani.reader.databinding.ActivityMainBinding: android.view.View viewNfcDot
com.tolopani.reader.nfc.EktpReader$ReadResult$Error: java.lang.String message
com.tolopani.reader.databinding.ActivityMainBinding: com.google.android.material.button.MaterialButton btnShare
com.tolopani.reader.databinding.ActivityMainBinding: android.widget.LinearLayout layoutSuccess
com.tolopani.reader.nfc.ApduUtils: byte[] SELECT_EF_SIGNATURE
com.tolopani.reader.databinding.ActivityMainBinding: android.widget.TextView tvErrorMessage
com.tolopani.reader.databinding.ActivityMainBinding: android.widget.LinearLayout layoutReading
com.tolopani.reader.databinding.ActivityMainBinding: android.widget.TextView tvSubtitle
com.tolopani.reader.databinding.ActivityMainBinding: android.widget.TextView tvNoNfcDesc
com.tolopani.reader.nfc.ApduUtils: byte[] SELECT_MF
com.tolopani.reader.databinding.ActivityMainBinding: com.google.android.material.button.MaterialButton btnReadAgain
com.tolopani.reader.databinding.ActivityMainBinding: android.widget.TextView tvTapCard
com.tolopani.reader.databinding.ActivityMainBinding: android.widget.ImageView ivPhoto
com.tolopani.reader.nfc.EktpReader$ReadResult$Reading: com.tolopani.reader.nfc.EktpReader$ReadResult$Reading INSTANCE
com.tolopani.reader.nfc.EktpReader$ReadResult$Success: android.graphics.Bitmap photo
com.tolopani.reader.databinding.ActivityMainBinding: android.widget.TextView tvTitle
com.tolopani.reader.databinding.ActivityMainBinding: com.google.android.material.card.MaterialCardView cardMain
com.tolopani.reader.nfc.ApduUtils: com.tolopani.reader.nfc.ApduUtils INSTANCE
com.tolopani.reader.databinding.ActivityMainBinding: android.widget.LinearLayout layoutIdle
com.tolopani.reader.databinding.ActivityMainBinding: android.widget.LinearLayout layoutError
com.tolopani.reader.nfc.ApduUtils: byte[] SELECT_EF_PHOTO
com.tolopani.reader.databinding.ActivityMainBinding: android.widget.LinearLayout layoutNoNfc
com.tolopani.reader.databinding.ActivityMainBinding: com.google.android.material.button.MaterialButton btnEnableNfc
com.tolopani.reader.nfc.EktpReader$ReadResult$Success: java.lang.String signatureStatus
com.tolopani.reader.nfc.EktpReader$readPhoto$2: int label
com.tolopani.reader.databinding.ActivityMainBinding: android.widget.ImageView ivNfcIcon
com.tolopani.reader.nfc.EktpReader$ReadResult$Success: android.graphics.Bitmap signature
com.tolopani.reader.databinding.ActivityMainBinding: com.google.android.material.progressindicator.CircularProgressIndicator progressReading
com.tolopani.reader.databinding.ActivityMainBinding: android.widget.TextView tvNoNfcTitle
com.tolopani.reader.databinding.ActivityMainBinding: com.google.android.material.card.MaterialCardView cardSignature
com.tolopani.reader.nfc.EktpReader$readPhoto$2: android.nfc.tech.IsoDep $isoDep
...
androidx.core.view.DisplayCutoutCompat$Api28Impl: int getSafeInsetLeft(android.view.DisplayCutout)
androidx.appcompat.widget.AppCompatTextView: void setBackgroundDrawable(android.graphics.drawable.Drawable)
com.google.android.material.snackbar.Snackbar$SnackbarLayout: void setBackgroundTintList(android.content.res.ColorStateList)
androidx.core.content.FileProvider$Api21Impl: java.io.File[] getExternalMediaDirs(android.content.Context)
com.google.android.material.card.MaterialCardView: float getRadius()
com.google.android.material.chip.Chip: void setCloseIconHovered(boolean)
com.google.android.material.button.MaterialButton: void setInsetTop(int)
com.google.android.material.snackbar.Snackbar$SnackbarLayout: void setLayoutParams(android.view.ViewGroup$LayoutParams)
androidx.appcompat.widget.SearchView: void setQueryRefinementEnabled(boolean)
com.google.android.material.button.MaterialButton: void setShapeAppearanceModel(com.google.android.material.shape.ShapeAppearanceModel)
com.google.android.material.card.MaterialCardView: void setRadius(float)
com.google.android.material.textfield.TextInputLayout: int getErrorCurrentTextColors()
androidx.appcompat.widget.DropDownListView: void setListSelectionHidden(boolean)
androidx.recyclerview.widget.RecyclerView: void setLayoutFrozen(boolean)
androidx.appcompat.widget.ActionBarOverlayLayout: void setOverlayMode(boolean)
androidx.core.view.WindowInsetsCompat$BuilderImpl30: void setInsets(int,androidx.core.graphics.Insets)
com.google.android.material.progressindicator.BaseProgressIndicator: void setShowAnimationBehavior(int)
com.google.android.material.internal.NavigationMenuItemView: void setIconTintList(android.content.res.ColorStateList)
com.google.android.material.chip.Chip: android.graphics.RectF getCloseIconTouchBounds()
com.google.android.material.textfield.TextInputLayout: android.graphics.drawable.Drawable getEditTextBoxBackground()
androidx.core.view.ViewCompat$Api20Impl: android.view.WindowInsets dispatchApplyWindowInsets(android.view.View,android.view.WindowInsets)
androidx.core.view.ViewCompat$Api28Impl: void setAccessibilityHeading(android.view.View,boolean)
com.google.android.material.chip.Chip: void setTextStartPaddingResource(int)
com.google.android.material.checkbox.MaterialCheckBox: java.lang.String getButtonStateDescription()
androidx.appcompat.widget.AppCompatTextView: int getAutoSizeMinTextSize()
com.google.android.material.chip.Chip: void setChipIcon(android.graphics.drawable.Drawable)
androidx.cardview.widget.CardView: int getContentPaddingTop()
androidx.appcompat.widget.LinearLayoutCompat: void setOrientation(int)
androidx.appcompat.widget.ViewStubCompat: void setInflatedId(int)
com.google.android.material.search.SearchView$Behavior: SearchView$Behavior(android.content.Context,android.util.AttributeSet)
androidx.appcompat.widget.SearchView: int getMaxWidth()
androidx.core.widget.TextViewCompat$Api23Impl: android.graphics.PorterDuff$Mode getCompoundDrawableTintMode(android.widget.TextView)
androidx.core.view.accessibility.AccessibilityNodeInfoCompat$Api33Impl: java.lang.String getUniqueId(android.view.accessibility.AccessibilityNodeInfo)
androidx.lifecycle.ReportFragment$LifecycleCallbacks: void onActivityCreated(android.app.Activity,android.os.Bundle)
androidx.core.view.WindowInsetsCompat$BuilderImpl: WindowInsetsCompat$BuilderImpl()
kotlin.coroutines.jvm.internal.ContinuationImpl: kotlin.coroutines.CoroutineContext getContext()
androidx.core.view.accessibility.AccessibilityNodeInfoCompat$Api33Impl: androidx.core.view.accessibility.AccessibilityNodeInfoCompat$CollectionItemInfoCompat buildCollectionItemInfoCompat(boolean,int,int,int,int,boolean,java.lang.String,java.lang.String)
androidx.appcompat.resources.Compatibility$Api18Impl: void setAutoCancel(android.animation.ObjectAnimator,boolean)
com.google.android.material.textfield.TextInputLayout: android.graphics.Typeface getTypeface()
androidx.core.view.ViewCompat$Api19Impl: boolean isLaidOut(android.view.View)