app/build/outputs/mapping/release/mapping.txt
# compiler: R8
# compiler_version: 8.3.37
# min_api: 24
# common_typos_disable
# {"id":"com.android.tools.r8.mapping","version":"2.2"}
# pg_map_id: 022812e
# pg_map_hash: SHA-256 022812eb1d3ce5741b7f21b8b81744cf0c0b4344fb61b4d3f35bf9fc07e6fd70
com.tolopani.reader.MainActivity -> com.tolopani.reader.MainActivity:
# {"id":"sourceFile","fileName":"MainActivity.kt"}
    com.tolopani.reader.nfc.EktpReader ektpReader -> A
    android.graphics.Bitmap lastReadPhoto -> B
    android.animation.ObjectAnimator pulseAnimator -> C
    int REQUEST_WRITE_STORAGE -> D
    int $r8$clinit -> E
      # {"id":"com.android.tools.r8.synthesized"}
    com.tolopani.reader.databinding.ActivityMainBinding binding -> v
    android.nfc.NfcAdapter nfcAdapter -> w
    android.app.PendingIntent pendingIntent -> x
    android.content.IntentFilter[] readAgainIntentFilters -> y
    java.lang.String[][] techLists -> z
    1:3:void androidx.appcompat.app.AppCompatActivity.<init>():0:0 -> <init>
    1:3:void <init>():0 -> <init>
    4:7:androidx.savedstate.SavedStateRegistry androidx.savedstate.SavedStateRegistryController.getSavedStateRegistry():0:0 -> <init>
    4:7:androidx.savedstate.SavedStateRegistry androidx.activity.ComponentActivity.getSavedStateRegistry():0 -> <init>
      # {"id":"com.android.tools.r8.rewriteFrame","conditions":["throws(Ljava/lang/NullPointerException;)"],"actions":["removeInnerFrames(1)"]}
    4:7:void androidx.appcompat.app.AppCompatActivity.initDelegate():0 -> <init>
    4:7:void androidx.appcompat.app.AppCompatActivity.<init>():0 -> <init>
    4:7:void <init>():0 -> <init>
    8:25:void androidx.appcompat.app.AppCompatActivity.initDelegate():0:0 -> <init>
com.tolopani.reader.MainActivity$$ExternalSyntheticLambda3 -> J0.a:
# {"id":"sourceFile","fileName":"R8$$SyntheticClass"}
# {"id":"com.android.tools.r8.synthesized"}
    int com.tolopani.reader.MainActivity$$InternalSyntheticLambda$1$4fd95a68e18931e4be65b75e6188d82f67ef045578cdcdfaf93ee0d4b8aeacca$0.$r8$classId -> a
      # {"id":"com.android.tools.r8.synthesized"}
    com.tolopani.reader.MainActivity com.tolopani.reader.MainActivity$$InternalSyntheticLambda$1$4fd95a68e18931e4be65b75e6188d82f67ef045578cdcdfaf93ee0d4b8aeacca$0.f$0 -> b
      # {"id":"com.android.tools.r8.synthesized"}
    1:8:void <init>(com.tolopani.reader.MainActivity,int):0:0 -> <init>
      # {"id":"com.android.tools.r8.synthesized"}
    1:14:void onClick(android.view.View):0:0 -> onClick
      # {"id":"com.android.tools.r8.synthesized"}
    15:28:void com.tolopani.reader.MainActivity.setupUI$lambda$6(com.tolopani.reader.MainActivity,android.view.View):0:0 -> onClick
    15:28:void onClick(android.view.View):0 -> onClick
    29:30:void onClick(android.view.View):0:0 -> onClick
    31:37:void com.tolopani.reader.MainActivity.setupUI$lambda$5(com.tolopani.reader.MainActivity,android.view.View):0:0 -> onClick
    31:37:void onClick(android.view.View):0 -> onClick
    38:39:void onClick(android.view.View):0:0 -> onClick
    40:48:void com.tolopani.reader.MainActivity.setupUI$lambda$4(com.tolopani.reader.MainActivity,android.view.View):0:0 -> onClick
    40:48:void onClick(android.view.View):0 -> onClick
com.tolopani.reader.MainActivity$$ExternalSyntheticLambda4 -> J0.b:
# {"id":"sourceFile","fileName":"R8$$SyntheticClass"}
# {"id":"com.android.tools.r8.synthesized"}
    com.tolopani.reader.MainActivity com.tolopani.reader.MainActivity$$InternalSyntheticLambda$1$5cd2fc1a1c560aff326a527e11d9a8b0d0412cafe2f9b4550f184f169f7d5ef8$0.f$0 -> a
      # {"id":"com.android.tools.r8.synthesized"}
    1:6:void <init>(com.tolopani.reader.MainActivity):0:0 -> <init>
      # {"id":"com.android.tools.r8.synthesized"}
    1:2:void onTagDiscovered(android.nfc.Tag):0:0 -> onTagDiscovered
      # {"id":"com.android.tools.r8.synthesized"}
    3:19:void com.tolopani.reader.MainActivity.enableNfcReaderMode$lambda$9(com.tolopani.reader.MainActivity,android.nfc.Tag):0:0 -> onTagDiscovered
    3:19:void onTagDiscovered(android.nfc.Tag):0 -> onTagDiscovered
...
androidx.concurrent.futures.AbstractResolvableFuture$AtomicHelper -> R8$$REMOVED$$CLASS$$80:
# {"id":"sourceFile","fileName":"AbstractResolvableFuture.java"}
androidx.concurrent.futures.AbstractResolvableFuture$Cancellation -> q.a:
# {"id":"sourceFile","fileName":"AbstractResolvableFuture.java"}
    java.lang.Throwable cause -> a
    androidx.concurrent.futures.AbstractResolvableFuture$Cancellation CAUSELESS_INTERRUPTED -> b
      # {"id":"com.android.tools.r8.residualsignature","signature":"Lq/a;"}
    androidx.concurrent.futures.AbstractResolvableFuture$Cancellation CAUSELESS_CANCELLED -> c
      # {"id":"com.android.tools.r8.residualsignature","signature":"Lq/a;"}
    1:27:void <clinit>():0:0 -> <clinit>
    1:6:void <init>(boolean,java.lang.Throwable):0:0 -> <init>
      # {"id":"com.android.tools.r8.residualsignature","signature":"(Ljava/lang/Throwable;Z)V"}
androidx.concurrent.futures.AbstractResolvableFuture$Failure -> q.b:
# {"id":"sourceFile","fileName":"AbstractResolvableFuture.java"}
androidx.concurrent.futures.AbstractResolvableFuture$Listener -> q.c:
# {"id":"sourceFile","fileName":"AbstractResolvableFuture.java"}
    androidx.concurrent.futures.AbstractResolvableFuture$Listener next -> a
      # {"id":"com.android.tools.r8.residualsignature","signature":"Lq/c;"}
    androidx.concurrent.futures.AbstractResolvableFuture$Listener TOMBSTONE -> b
      # {"id":"com.android.tools.r8.residualsignature","signature":"Lq/c;"}
    1:2:void <clinit>():0:0 -> <clinit>
    3:5:void <init>(java.lang.Runnable,java.util.concurrent.Executor):0:0 -> <clinit>
    3:5:void <clinit>():0 -> <clinit>
    6:8:void <clinit>():0:0 -> <clinit>
androidx.concurrent.futures.AbstractResolvableFuture$SafeAtomicHelper -> q.d:
# {"id":"sourceFile","fileName":"AbstractResolvableFuture.java"}
    java.util.concurrent.atomic.AtomicReferenceFieldUpdater waiterThreadUpdater -> h
    java.util.concurrent.atomic.AtomicReferenceFieldUpdater waiterNextUpdater -> i
    java.util.concurrent.atomic.AtomicReferenceFieldUpdater waitersUpdater -> j
    java.util.concurrent.atomic.AtomicReferenceFieldUpdater listenersUpdater -> k
    java.util.concurrent.atomic.AtomicReferenceFieldUpdater valueUpdater -> l
    1:3:void androidx.concurrent.futures.AbstractResolvableFuture$AtomicHelper.<init>(androidx.concurrent.futures.AbstractResolvableFuture$1):0:0 -> <init>
    1:3:void <init>(java.util.concurrent.atomic.AtomicReferenceFieldUpdater,java.util.concurrent.atomic.AtomicReferenceFieldUpdater,java.util.concurrent.atomic.AtomicReferenceFieldUpdater,java.util.concurrent.atomic.AtomicReferenceFieldUpdater,java.util.concurrent.atomic.AtomicReferenceFieldUpdater):0 -> <init>
    4:14:void <init>(java.util.concurrent.atomic.AtomicReferenceFieldUpdater,java.util.concurrent.atomic.AtomicReferenceFieldUpdater,java.util.concurrent.atomic.AtomicReferenceFieldUpdater,java.util.concurrent.atomic.AtomicReferenceFieldUpdater,java.util.concurrent.atomic.AtomicReferenceFieldUpdater):0:0 -> <init>
    1:6:void putNext(androidx.concurrent.futures.AbstractResolvableFuture$Waiter,androidx.concurrent.futures.AbstractResolvableFuture$Waiter):0:0 -> A0
androidx.concurrent.futures.AbstractResolvableFuture$Waiter -> q.e:
# {"id":"sourceFile","fileName":"AbstractResolvableFuture.java"}
    java.lang.Thread thread -> a
    androidx.concurrent.futures.AbstractResolvableFuture$Waiter next -> b
      # {"id":"com.android.tools.r8.residualsignature","signature":"Lq/e;"}
    androidx.concurrent.futures.AbstractResolvableFuture$Waiter TOMBSTONE -> c
      # {"id":"com.android.tools.r8.residualsignature","signature":"Lq/e;"}
    1:2:void <clinit>():0:0 -> <clinit>
    3:5:void <init>(boolean):0:0 -> <clinit>
    3:5:void <clinit>():0 -> <clinit>
    6:8:void <clinit>():0:0 -> <clinit>
    1:13:void <init>():0:0 -> <init>
androidx.concurrent.futures.ResolvableFuture -> q.g:
# {"id":"sourceFile","fileName":"ResolvableFuture.java"}