app/build/outputs/mapping/release/usage.txt
com.tolopani.reader.MainActivity$UIState:
    public static kotlin.enums.EnumEntries getEntries()
com.tolopani.reader.R$color:
    public static int background
    public static int card_stroke
    public static int divider
    public static int error
    public static int gradient_center
    public static int gradient_end
    public static int gradient_start
    public static int nfc_pulse
    public static int on_background
    public static int on_error
    public static int on_primary
    public static int on_secondary
    public static int on_surface
    public static int on_surface_variant
    public static int primary
    public static int primary_dark
    public static int primary_variant
    public static int secondary
    public static int secondary_variant
    public static int surface
    public static int surface_variant
    private void <init>()
com.tolopani.reader.R$drawable:
    public static int gradient_background
    public static int ic_id_card
    public static int ic_launcher_background
    public static int ic_nfc
    private void <init>()
com.tolopani.reader.R$id:
    private void <init>()
com.tolopani.reader.R$layout:
    private void <init>()
com.tolopani.reader.R$menu:
    private void <init>()
com.tolopani.reader.R$mipmap
com.tolopani.reader.R$string:
    public static int app_name
    public static int content_description_nfc_icon
    public static int content_description_photo
    public static int enable_nfc
    public static int error_connection
    public static int error_decode
    public static int error_generic
    public static int error_read_data
    public static int error_read_size
    public static int error_select_ef
    public static int error_select_mf
    public static int error_title
    public static int footer_text
    public static int menu_about
    public static int read_again
    public static int reading_card
    public static int reading_card_desc
    public static int save_photo
    public static int share_photo
    public static int signature_label
    public static int status_signature_denied
    public static int status_signature_empty
    public static int status_signature_format_not_supported
    public static int status_signature_locked
    public static int status_signature_not_available
    public static int status_signature_not_found
    public static int subtitle
    public static int tap_card
    public static int tap_card_desc
    public static int title_ektp_reader
    public static int try_again
    private void <init>()
com.tolopani.reader.R$style
com.tolopani.reader.R$xml
com.tolopani.reader.R
com.tolopani.reader.MainActivity$$InternalSyntheticLambda$1$4fd95a68e18931e4be65b75e6188d82f67ef045578cdcdfaf93ee0d4b8aeacca$1
com.tolopani.reader.MainActivity$$InternalSyntheticLambda$1$4fd95a68e18931e4be65b75e6188d82f67ef045578cdcdfaf93ee0d4b8aeacca$2
com.tolopani.reader.MainActivity$$InternalSyntheticLambda$1$4fd95a68e18931e4be65b75e6188d82f67ef045578cdcdfaf93ee0d4b8aeacca$3
com.tolopani.reader.MainActivity$$InternalSyntheticLambda$1$4fd95a68e18931e4be65b75e6188d82f67ef045578cdcdfaf93ee0d4b8aeacca$4
com.tolopani.reader.MainActivity$$InternalSyntheticLambda$2$d03296f944cd8317146be5e678c5313ad504a10cad1f3a7b080047879056f63f$0
com.tolopani.reader.MainActivity$UIState:
    public static final synthetic kotlin.enums.EnumEntries $ENTRIES
com.tolopani.reader.MainActivity$onTagDiscovered$1:
    public final java.lang.Object invoke(kotlinx.coroutines.CoroutineScope,kotlin.coroutines.Continuation)
com.tolopani.reader.MainActivity$sharePhoto$1$1:
    public int label
    public final java.lang.Object invoke(kotlinx.coroutines.CoroutineScope,kotlin.coroutines.Continuation)
com.tolopani.reader.MainActivity$sharePhoto$1$2:
    public int label
    public final java.lang.Object invoke(kotlinx.coroutines.CoroutineScope,kotlin.coroutines.Continuation)
...
com.google.android.material.chip.ChipDrawable:
    public final android.graphics.Paint debugPaint
    public static void calculateChipTouchBounds()
    public final void calculateCloseIconBounds(android.graphics.Rect,android.graphics.RectF)
    public final void calculateCloseIconTouchBounds(android.graphics.Rect,android.graphics.RectF)
    public static void calculateTextBounds()
    public static float calculateTextCenterFromBaseline()
    public static android.graphics.Paint$Align calculateTextOriginAndAlignment()
    public final boolean canShowCheckedIcon()
    public static void drawCheckedIcon()
    public static void drawChipBackground()
    public static void drawChipIcon()
    public static void drawChipStroke()
    public static void drawChipSurface()
    public static void drawCloseIcon()
    public static void drawCompatRipple()
    public static void drawDebug()
    public static void drawText()
    public final android.graphics.drawable.Drawable getCheckedIcon()
    public final android.content.res.ColorStateList getCheckedIconTint()
    public final android.content.res.ColorStateList getChipBackgroundColor()
    public final float getChipEndPadding()
    public final android.graphics.drawable.Drawable getChipIcon()
    public final float getChipIconSize()
    public final android.content.res.ColorStateList getChipIconTint()
    public final float getChipMinHeight()
    public final float getChipStartPadding()
com.google.android.material.chip.ChipGroup
com.google.android.material.circularreveal.CircularRevealCompat$1
com.google.android.material.circularreveal.CircularRevealCompat
com.google.android.material.circularreveal.CircularRevealFrameLayout
com.google.android.material.circularreveal.CircularRevealHelper
com.google.android.material.circularreveal.CircularRevealWidget$1
com.google.android.material.circularreveal.CircularRevealWidget$CircularRevealEvaluator
com.google.android.material.circularreveal.CircularRevealWidget$CircularRevealProperty$$InternalSyntheticThrowCCEIfNotNull$9$88f130c0ff464b7af4ad1e55628c2874e42297fda17c8dce6e1689b31e61eddd$0
com.google.android.material.circularreveal.CircularRevealWidget$CircularRevealProperty$$InternalSyntheticThrowCCEIfNotNull$9$a835cbc1d1e1f506bb426e50207af15e2064c144bfdadfb94cf1e6afd547c68d$0
com.google.android.material.circularreveal.CircularRevealWidget$CircularRevealProperty
com.google.android.material.circularreveal.CircularRevealWidget$CircularRevealScrimColorProperty$$InternalSyntheticThrowCCEIfNotNull$9$c602d9cfaaeda57c49107676b25a467c8c5ca0aa818ab3ba113c4f0022862d3f$0
com.google.android.material.circularreveal.CircularRevealWidget$CircularRevealScrimColorProperty$$InternalSyntheticThrowCCEIfNotNull$9$f29a6649f8ac781b9c2ee235901658cf9058704ebd6ad4a485f196b66ea847d1$0
com.google.android.material.circularreveal.CircularRevealWidget$CircularRevealScrimColorProperty
com.google.android.material.circularreveal.CircularRevealWidget$RevealInfo
com.google.android.material.circularreveal.CircularRevealWidget
com.google.android.material.circularreveal.cardview.CircularRevealCardView
com.google.android.material.color.MaterialColors
com.google.android.material.datepicker.CalendarConstraints$1
com.google.android.material.datepicker.CalendarConstraints$Builder:
    public static final long DEFAULT_END
    public static final long DEFAULT_START
    public long end
    public int firstDayOfWeek
    public long start
    public com.google.android.material.datepicker.CalendarConstraints$DateValidator validator
    public static com.google.android.material.datepicker.CalendarConstraints build()
    public static com.google.android.material.datepicker.CalendarConstraints$Builder setOpenAt()
com.google.android.material.datepicker.CalendarConstraints$DateValidator:
    public abstract boolean isValid(long)